Determining if the pthread_create exist failed with the following output:
Change Dir: /home/pi/opencv_workspace/TrafficConeDetection/CMakeFiles/CMakeTmp

Run Build Command:"/usr/bin/make" "cmTryCompileExec2264684281/fast"
/usr/bin/make -f CMakeFiles/cmTryCompileExec2264684281.dir/build.make CMakeFiles/cmTryCompileExec2264684281.dir/build
make[1]: Entering directory '/home/pi/opencv_workspace/TrafficConeDetection/CMakeFiles/CMakeTmp'
/usr/bin/cmake -E cmake_progress_report /home/pi/opencv_workspace/TrafficConeDetection/CMakeFiles/CMakeTmp/CMakeFiles 1
Building C object CMakeFiles/cmTryCompileExec2264684281.dir/CheckSymbolExists.c.o
/usr/bin/cc    -o CMakeFiles/cmTryCompileExec2264684281.dir/CheckSymbolExists.c.o   -c /home/pi/opencv_workspace/TrafficConeDetection/CMakeFiles/CMakeTmp/CheckSymbolExists.c
Linking C executable cmTryCompileExec2264684281
/usr/bin/cmake -E cmake_link_script CMakeFiles/cmTryCompileExec2264684281.dir/link.txt --verbose=1
/usr/bin/cc       CMakeFiles/cmTryCompileExec2264684281.dir/CheckSymbolExists.c.o  -o cmTryCompileExec2264684281 -rdynamic 
CMakeFiles/cmTryCompileExec2264684281.dir/CheckSymbolExists.c.o: In function `main':
CheckSymbolExists.c:(.text+0x38): undefined reference to `pthread_create'
collect2: error: ld returned 1 exit status
CMakeFiles/cmTryCompileExec2264684281.dir/build.make:88: recipe for target 'cmTryCompileExec2264684281' failed
make[1]: Leaving directory '/home/pi/opencv_workspace/TrafficConeDetection/CMakeFiles/CMakeTmp'
make[1]: *** [cmTryCompileExec2264684281] Error 1
Makefile:118: recipe for target 'cmTryCompileExec2264684281/fast' failed
make: *** [cmTryCompileExec2264684281/fast] Error 2

File /home/pi/opencv_workspace/TrafficConeDetection/CMakeFiles/CMakeTmp/CheckSymbolExists.c:
/* */
#include <pthread.h>

int main(int argc, char** argv)
{
  (void)argv;
#ifndef pthread_create
  return ((int*)(&pthread_create))[argc];
#else
  (void)argc;
  return 0;
#endif
}

Determining if the function pthread_create exists in the pthreads failed with the following output:
Change Dir: /home/pi/opencv_workspace/TrafficConeDetection/CMakeFiles/CMakeTmp

Run Build Command:"/usr/bin/make" "cmTryCompileExec896827760/fast"
/usr/bin/make -f CMakeFiles/cmTryCompileExec896827760.dir/build.make CMakeFiles/cmTryCompileExec896827760.dir/build
make[1]: Entering directory '/home/pi/opencv_workspace/TrafficConeDetection/CMakeFiles/CMakeTmp'
/usr/bin/cmake -E cmake_progress_report /home/pi/opencv_workspace/TrafficConeDetection/CMakeFiles/CMakeTmp/CMakeFiles 1
Building C object CMakeFiles/cmTryCompileExec896827760.dir/CheckFunctionExists.c.o
/usr/bin/cc   -DCHECK_FUNCTION_EXISTS=pthread_create   -o CMakeFiles/cmTryCompileExec896827760.dir/CheckFunctionExists.c.o   -c /usr/share/cmake-3.0/Modules/CheckFunctionExists.c
Linking C executable cmTryCompileExec896827760
/usr/bin/cmake -E cmake_link_script CMakeFiles/cmTryCompileExec896827760.dir/link.txt --verbose=1
/usr/bin/cc   -DCHECK_FUNCTION_EXISTS=pthread_create    CMakeFiles/cmTryCompileExec896827760.dir/CheckFunctionExists.c.o  -o cmTryCompileExec896827760 -rdynamic -lpthreads 
/usr/bin/ld: cannot find -lpthreads
collect2: error: ld returned 1 exit status
CMakeFiles/cmTryCompileExec896827760.dir/build.make:88: recipe for target 'cmTryCompileExec896827760' failed
make[1]: Leaving directory '/home/pi/opencv_workspace/TrafficConeDetection/CMakeFiles/CMakeTmp'
Makefile:118: recipe for target 'cmTryCompileExec896827760/fast' failed
make[1]: *** [cmTryCompileExec896827760] Error 1
make: *** [cmTryCompileExec896827760/fast] Error 2


Determining if the pthread_create exist failed with the following output:
Change Dir: /home/pi/opencv_workspace/TrafficConeDetection/CMakeFiles/CMakeTmp

Run Build Command:"/usr/bin/make" "cmTryCompileExec4178717864/fast"
make[1]: Entering directory '/home/pi/opencv_workspace/TrafficConeDetection/CMakeFiles/CMakeTmp'
/usr/bin/make -f CMakeFiles/cmTryCompileExec4178717864.dir/build.make CMakeFiles/cmTryCompileExec4178717864.dir/build
make[2]: Entering directory '/home/pi/opencv_workspace/TrafficConeDetection/CMakeFiles/CMakeTmp'
/usr/bin/cmake -E cmake_progress_report /home/pi/opencv_workspace/TrafficConeDetection/CMakeFiles/CMakeTmp/CMakeFiles 1
Building C object CMakeFiles/cmTryCompileExec4178717864.dir/CheckSymbolExists.c.o
/usr/bin/cc    -o CMakeFiles/cmTryCompileExec4178717864.dir/CheckSymbolExists.c.o   -c /home/pi/opencv_workspace/TrafficConeDetection/CMakeFiles/CMakeTmp/CheckSymbolExists.c
Linking C executable cmTryCompileExec4178717864
/usr/bin/cmake -E cmake_link_script CMakeFiles/cmTryCompileExec4178717864.dir/link.txt --verbose=1
/usr/bin/cc       CMakeFiles/cmTryCompileExec4178717864.dir/CheckSymbolExists.c.o  -o cmTryCompileExec4178717864 -rdynamic 
CMakeFiles/cmTryCompileExec4178717864.dir/CheckSymbolExists.c.o: In function `main':
CheckSymbolExists.c:(.text+0x38): undefined reference to `pthread_create'
collect2: error: ld returned 1 exit status
CMakeFiles/cmTryCompileExec4178717864.dir/build.make:88: recipe for target 'cmTryCompileExec4178717864' failed
make[2]: *** [cmTryCompileExec4178717864] Error 1
make[2]: Leaving directory '/home/pi/opencv_workspace/TrafficConeDetection/CMakeFiles/CMakeTmp'
Makefile:118: recipe for target 'cmTryCompileExec4178717864/fast' failed
make[1]: *** [cmTryCompileExec4178717864/fast] Error 2
make[1]: Leaving directory '/home/pi/opencv_workspace/TrafficConeDetection/CMakeFiles/CMakeTmp'

File /home/pi/opencv_workspace/TrafficConeDetection/CMakeFiles/CMakeTmp/CheckSymbolExists.c:
/* */
#include <pthread.h>

int main(int argc, char** argv)
{
  (void)argv;
#ifndef pthread_create
  return ((int*)(&pthread_create))[argc];
#else
  (void)argc;
  return 0;
#endif
}

Determining if the function pthread_create exists in the pthreads failed with the following output:
Change Dir: /home/pi/opencv_workspace/TrafficConeDetection/CMakeFiles/CMakeTmp

Run Build Command:"/usr/bin/make" "cmTryCompileExec1202267687/fast"
make[1]: Entering directory '/home/pi/opencv_workspace/TrafficConeDetection/CMakeFiles/CMakeTmp'
/usr/bin/make -f CMakeFiles/cmTryCompileExec1202267687.dir/build.make CMakeFiles/cmTryCompileExec1202267687.dir/build
make[2]: Entering directory '/home/pi/opencv_workspace/TrafficConeDetection/CMakeFiles/CMakeTmp'
/usr/bin/cmake -E cmake_progress_report /home/pi/opencv_workspace/TrafficConeDetection/CMakeFiles/CMakeTmp/CMakeFiles 1
Building C object CMakeFiles/cmTryCompileExec1202267687.dir/CheckFunctionExists.c.o
/usr/bin/cc   -DCHECK_FUNCTION_EXISTS=pthread_create   -o CMakeFiles/cmTryCompileExec1202267687.dir/CheckFunctionExists.c.o   -c /usr/share/cmake-3.0/Modules/CheckFunctionExists.c
Linking C executable cmTryCompileExec1202267687
/usr/bin/cmake -E cmake_link_script CMakeFiles/cmTryCompileExec1202267687.dir/link.txt --verbose=1
/usr/bin/cc   -DCHECK_FUNCTION_EXISTS=pthread_create    CMakeFiles/cmTryCompileExec1202267687.dir/CheckFunctionExists.c.o  -o cmTryCompileExec1202267687 -rdynamic -lpthreads 
/usr/bin/ld: cannot find -lpthreads
collect2: error: ld returned 1 exit status
CMakeFiles/cmTryCompileExec1202267687.dir/build.make:88: recipe for target 'cmTryCompileExec1202267687' failed
make[2]: Leaving directory '/home/pi/opencv_workspace/TrafficConeDetection/CMakeFiles/CMakeTmp'
Makefile:118: recipe for target 'cmTryCompileExec1202267687/fast' failed
make[1]: Leaving directory '/home/pi/opencv_workspace/TrafficConeDetection/CMakeFiles/CMakeTmp'
make[2]: *** [cmTryCompileExec1202267687] Error 1
make[1]: *** [cmTryCompileExec1202267687/fast] Error 2


Determining if the pthread_create exist failed with the following output:
Change Dir: /home/pi/opencv_workspace/TrafficConeDetection/CMakeFiles/CMakeTmp

Run Build Command:"/usr/bin/make" "cmTryCompileExec2015103427/fast"
/usr/bin/make -f CMakeFiles/cmTryCompileExec2015103427.dir/build.make CMakeFiles/cmTryCompileExec2015103427.dir/build
make[1]: Entering directory '/home/pi/opencv_workspace/TrafficConeDetection/CMakeFiles/CMakeTmp'
/usr/bin/cmake -E cmake_progress_report /home/pi/opencv_workspace/TrafficConeDetection/CMakeFiles/CMakeTmp/CMakeFiles 1
Building C object CMakeFiles/cmTryCompileExec2015103427.dir/CheckSymbolExists.c.o
/usr/bin/cc    -o CMakeFiles/cmTryCompileExec2015103427.dir/CheckSymbolExists.c.o   -c /home/pi/opencv_workspace/TrafficConeDetection/CMakeFiles/CMakeTmp/CheckSymbolExists.c
Linking C executable cmTryCompileExec2015103427
/usr/bin/cmake -E cmake_link_script CMakeFiles/cmTryCompileExec2015103427.dir/link.txt --verbose=1
/usr/bin/cc       CMakeFiles/cmTryCompileExec2015103427.dir/CheckSymbolExists.c.o  -o cmTryCompileExec2015103427 -rdynamic 
CMakeFiles/cmTryCompileExec2015103427.dir/CheckSymbolExists.c.o: In function `main':
CheckSymbolExists.c:(.text+0x38): undefined reference to `pthread_create'
collect2: error: ld returned 1 exit status
CMakeFiles/cmTryCompileExec2015103427.dir/build.make:88: recipe for target 'cmTryCompileExec2015103427' failed
make[1]: Leaving directory '/home/pi/opencv_workspace/TrafficConeDetection/CMakeFiles/CMakeTmp'
Makefile:118: recipe for target 'cmTryCompileExec2015103427/fast' failed
make[1]: *** [cmTryCompileExec2015103427] Error 1
make: *** [cmTryCompileExec2015103427/fast] Error 2

File /home/pi/opencv_workspace/TrafficConeDetection/CMakeFiles/CMakeTmp/CheckSymbolExists.c:
/* */
#include <pthread.h>

int main(int argc, char** argv)
{
  (void)argv;
#ifndef pthread_create
  return ((int*)(&pthread_create))[argc];
#else
  (void)argc;
  return 0;
#endif
}

Determining if the function pthread_create exists in the pthreads failed with the following output:
Change Dir: /home/pi/opencv_workspace/TrafficConeDetection/CMakeFiles/CMakeTmp

Run Build Command:"/usr/bin/make" "cmTryCompileExec1205414114/fast"
/usr/bin/make -f CMakeFiles/cmTryCompileExec1205414114.dir/build.make CMakeFiles/cmTryCompileExec1205414114.dir/build
make[1]: Entering directory '/home/pi/opencv_workspace/TrafficConeDetection/CMakeFiles/CMakeTmp'
/usr/bin/cmake -E cmake_progress_report /home/pi/opencv_workspace/TrafficConeDetection/CMakeFiles/CMakeTmp/CMakeFiles 1
Building C object CMakeFiles/cmTryCompileExec1205414114.dir/CheckFunctionExists.c.o
/usr/bin/cc   -DCHECK_FUNCTION_EXISTS=pthread_create   -o CMakeFiles/cmTryCompileExec1205414114.dir/CheckFunctionExists.c.o   -c /usr/share/cmake-3.0/Modules/CheckFunctionExists.c
Linking C executable cmTryCompileExec1205414114
/usr/bin/cmake -E cmake_link_script CMakeFiles/cmTryCompileExec1205414114.dir/link.txt --verbose=1
/usr/bin/cc   -DCHECK_FUNCTION_EXISTS=pthread_create    CMakeFiles/cmTryCompileExec1205414114.dir/CheckFunctionExists.c.o  -o cmTryCompileExec1205414114 -rdynamic -lpthreads 
/usr/bin/ld: cannot find -lpthreads
collect2: error: ld returned 1 exit status
CMakeFiles/cmTryCompileExec1205414114.dir/build.make:88: recipe for target 'cmTryCompileExec1205414114' failed
make[1]: *** [cmTryCompileExec1205414114] Error 1
make[1]: Leaving directory '/home/pi/opencv_workspace/TrafficConeDetection/CMakeFiles/CMakeTmp'
Makefile:118: recipe for target 'cmTryCompileExec1205414114/fast' failed
make: *** [cmTryCompileExec1205414114/fast] Error 2


Determining if the pthread_create exist failed with the following output:
Change Dir: /home/pi/opencv_workspace/TrafficConeDetection/CMakeFiles/CMakeTmp

Run Build Command:"/usr/bin/make" "cmTryCompileExec2406189363/fast"
/usr/bin/make -f CMakeFiles/cmTryCompileExec2406189363.dir/build.make CMakeFiles/cmTryCompileExec2406189363.dir/build
make[1]: Entering directory '/home/pi/opencv_workspace/TrafficConeDetection/CMakeFiles/CMakeTmp'
/usr/bin/cmake -E cmake_progress_report /home/pi/opencv_workspace/TrafficConeDetection/CMakeFiles/CMakeTmp/CMakeFiles 1
Building C object CMakeFiles/cmTryCompileExec2406189363.dir/CheckSymbolExists.c.o
/usr/bin/cc    -o CMakeFiles/cmTryCompileExec2406189363.dir/CheckSymbolExists.c.o   -c /home/pi/opencv_workspace/TrafficConeDetection/CMakeFiles/CMakeTmp/CheckSymbolExists.c
Linking C executable cmTryCompileExec2406189363
/usr/bin/cmake -E cmake_link_script CMakeFiles/cmTryCompileExec2406189363.dir/link.txt --verbose=1
/usr/bin/cc       CMakeFiles/cmTryCompileExec2406189363.dir/CheckSymbolExists.c.o  -o cmTryCompileExec2406189363 -rdynamic 
CMakeFiles/cmTryCompileExec2406189363.dir/CheckSymbolExists.c.o: In function `main':
CheckSymbolExists.c:(.text+0x38): undefined reference to `pthread_create'
collect2: error: ld returned 1 exit status
CMakeFiles/cmTryCompileExec2406189363.dir/build.make:88: recipe for target 'cmTryCompileExec2406189363' failed
make[1]: Leaving directory '/home/pi/opencv_workspace/TrafficConeDetection/CMakeFiles/CMakeTmp'
Makefile:118: recipe for target 'cmTryCompileExec2406189363/fast' failed
make[1]: *** [cmTryCompileExec2406189363] Error 1
make: *** [cmTryCompileExec2406189363/fast] Error 2

File /home/pi/opencv_workspace/TrafficConeDetection/CMakeFiles/CMakeTmp/CheckSymbolExists.c:
/* */
#include <pthread.h>

int main(int argc, char** argv)
{
  (void)argv;
#ifndef pthread_create
  return ((int*)(&pthread_create))[argc];
#else
  (void)argc;
  return 0;
#endif
}

Determining if the function pthread_create exists in the pthreads failed with the following output:
Change Dir: /home/pi/opencv_workspace/TrafficConeDetection/CMakeFiles/CMakeTmp

Run Build Command:"/usr/bin/make" "cmTryCompileExec3759198377/fast"
/usr/bin/make -f CMakeFiles/cmTryCompileExec3759198377.dir/build.make CMakeFiles/cmTryCompileExec3759198377.dir/build
make[1]: Entering directory '/home/pi/opencv_workspace/TrafficConeDetection/CMakeFiles/CMakeTmp'
/usr/bin/cmake -E cmake_progress_report /home/pi/opencv_workspace/TrafficConeDetection/CMakeFiles/CMakeTmp/CMakeFiles 1
Building C object CMakeFiles/cmTryCompileExec3759198377.dir/CheckFunctionExists.c.o
/usr/bin/cc   -DCHECK_FUNCTION_EXISTS=pthread_create   -o CMakeFiles/cmTryCompileExec3759198377.dir/CheckFunctionExists.c.o   -c /usr/share/cmake-3.0/Modules/CheckFunctionExists.c
Linking C executable cmTryCompileExec3759198377
/usr/bin/cmake -E cmake_link_script CMakeFiles/cmTryCompileExec3759198377.dir/link.txt --verbose=1
/usr/bin/cc   -DCHECK_FUNCTION_EXISTS=pthread_create    CMakeFiles/cmTryCompileExec3759198377.dir/CheckFunctionExists.c.o  -o cmTryCompileExec3759198377 -rdynamic -lpthreads 
/usr/bin/ld: cannot find -lpthreads
collect2: error: ld returned 1 exit status
CMakeFiles/cmTryCompileExec3759198377.dir/build.make:88: recipe for target 'cmTryCompileExec3759198377' failed
make[1]: *** [cmTryCompileExec3759198377] Error 1
make[1]: Leaving directory '/home/pi/opencv_workspace/TrafficConeDetection/CMakeFiles/CMakeTmp'
Makefile:118: recipe for target 'cmTryCompileExec3759198377/fast' failed
make: *** [cmTryCompileExec3759198377/fast] Error 2


Determining if the pthread_create exist failed with the following output:
Change Dir: /home/pi/opencv_workspace/TrafficConeDetection/CMakeFiles/CMakeTmp

Run Build Command:"/usr/bin/make" "cmTryCompileExec247683412/fast"
/usr/bin/make -f CMakeFiles/cmTryCompileExec247683412.dir/build.make CMakeFiles/cmTryCompileExec247683412.dir/build
make[1]: Entering directory '/home/pi/opencv_workspace/TrafficConeDetection/CMakeFiles/CMakeTmp'
/usr/bin/cmake -E cmake_progress_report /home/pi/opencv_workspace/TrafficConeDetection/CMakeFiles/CMakeTmp/CMakeFiles 1
Building C object CMakeFiles/cmTryCompileExec247683412.dir/CheckSymbolExists.c.o
/usr/bin/cc    -o CMakeFiles/cmTryCompileExec247683412.dir/CheckSymbolExists.c.o   -c /home/pi/opencv_workspace/TrafficConeDetection/CMakeFiles/CMakeTmp/CheckSymbolExists.c
Linking C executable cmTryCompileExec247683412
/usr/bin/cmake -E cmake_link_script CMakeFiles/cmTryCompileExec247683412.dir/link.txt --verbose=1
/usr/bin/cc       CMakeFiles/cmTryCompileExec247683412.dir/CheckSymbolExists.c.o  -o cmTryCompileExec247683412 -rdynamic 
CMakeFiles/cmTryCompileExec247683412.dir/CheckSymbolExists.c.o: In function `main':
CheckSymbolExists.c:(.text+0x38): undefined reference to `pthread_create'
collect2: error: ld returned 1 exit status
CMakeFiles/cmTryCompileExec247683412.dir/build.make:88: recipe for target 'cmTryCompileExec247683412' failed
make[1]: *** [cmTryCompileExec247683412] Error 1
make[1]: Leaving directory '/home/pi/opencv_workspace/TrafficConeDetection/CMakeFiles/CMakeTmp'
Makefile:118: recipe for target 'cmTryCompileExec247683412/fast' failed
make: *** [cmTryCompileExec247683412/fast] Error 2

File /home/pi/opencv_workspace/TrafficConeDetection/CMakeFiles/CMakeTmp/CheckSymbolExists.c:
/* */
#include <pthread.h>

int main(int argc, char** argv)
{
  (void)argv;
#ifndef pthread_create
  return ((int*)(&pthread_create))[argc];
#else
  (void)argc;
  return 0;
#endif
}

Determining if the function pthread_create exists in the pthreads failed with the following output:
Change Dir: /home/pi/opencv_workspace/TrafficConeDetection/CMakeFiles/CMakeTmp

Run Build Command:"/usr/bin/make" "cmTryCompileExec1703177/fast"
/usr/bin/make -f CMakeFiles/cmTryCompileExec1703177.dir/build.make CMakeFiles/cmTryCompileExec1703177.dir/build
make[1]: Entering directory '/home/pi/opencv_workspace/TrafficConeDetection/CMakeFiles/CMakeTmp'
/usr/bin/cmake -E cmake_progress_report /home/pi/opencv_workspace/TrafficConeDetection/CMakeFiles/CMakeTmp/CMakeFiles 1
Building C object CMakeFiles/cmTryCompileExec1703177.dir/CheckFunctionExists.c.o
/usr/bin/cc   -DCHECK_FUNCTION_EXISTS=pthread_create   -o CMakeFiles/cmTryCompileExec1703177.dir/CheckFunctionExists.c.o   -c /usr/share/cmake-3.0/Modules/CheckFunctionExists.c
Linking C executable cmTryCompileExec1703177
/usr/bin/cmake -E cmake_link_script CMakeFiles/cmTryCompileExec1703177.dir/link.txt --verbose=1
/usr/bin/cc   -DCHECK_FUNCTION_EXISTS=pthread_create    CMakeFiles/cmTryCompileExec1703177.dir/CheckFunctionExists.c.o  -o cmTryCompileExec1703177 -rdynamic -lpthreads 
/usr/bin/ld: cannot find -lpthreads
collect2: error: ld returned 1 exit status
CMakeFiles/cmTryCompileExec1703177.dir/build.make:88: recipe for target 'cmTryCompileExec1703177' failed
make[1]: *** [cmTryCompileExec1703177] Error 1
make[1]: Leaving directory '/home/pi/opencv_workspace/TrafficConeDetection/CMakeFiles/CMakeTmp'
Makefile:118: recipe for target 'cmTryCompileExec1703177/fast' failed
make: *** [cmTryCompileExec1703177/fast] Error 2


Determining if the pthread_create exist failed with the following output:
Change Dir: /home/pi/opencv_workspace/TrafficConeDetection/CMakeFiles/CMakeTmp

Run Build Command:"/usr/bin/make" "cmTryCompileExec546528795/fast"
/usr/bin/make -f CMakeFiles/cmTryCompileExec546528795.dir/build.make CMakeFiles/cmTryCompileExec546528795.dir/build
make[1]: Entering directory '/home/pi/opencv_workspace/TrafficConeDetection/CMakeFiles/CMakeTmp'
/usr/bin/cmake -E cmake_progress_report /home/pi/opencv_workspace/TrafficConeDetection/CMakeFiles/CMakeTmp/CMakeFiles 1
Building C object CMakeFiles/cmTryCompileExec546528795.dir/CheckSymbolExists.c.o
/usr/bin/cc    -o CMakeFiles/cmTryCompileExec546528795.dir/CheckSymbolExists.c.o   -c /home/pi/opencv_workspace/TrafficConeDetection/CMakeFiles/CMakeTmp/CheckSymbolExists.c
Linking C executable cmTryCompileExec546528795
/usr/bin/cmake -E cmake_link_script CMakeFiles/cmTryCompileExec546528795.dir/link.txt --verbose=1
/usr/bin/cc       CMakeFiles/cmTryCompileExec546528795.dir/CheckSymbolExists.c.o  -o cmTryCompileExec546528795 -rdynamic 
CMakeFiles/cmTryCompileExec546528795.dir/CheckSymbolExists.c.o: In function `main':
CheckSymbolExists.c:(.text+0x38): undefined reference to `pthread_create'
collect2: error: ld returned 1 exit status
CMakeFiles/cmTryCompileExec546528795.dir/build.make:88: recipe for target 'cmTryCompileExec546528795' failed
make[1]: *** [cmTryCompileExec546528795] Error 1
make[1]: Leaving directory '/home/pi/opencv_workspace/TrafficConeDetection/CMakeFiles/CMakeTmp'
Makefile:118: recipe for target 'cmTryCompileExec546528795/fast' failed
make: *** [cmTryCompileExec546528795/fast] Error 2

File /home/pi/opencv_workspace/TrafficConeDetection/CMakeFiles/CMakeTmp/CheckSymbolExists.c:
/* */
#include <pthread.h>

int main(int argc, char** argv)
{
  (void)argv;
#ifndef pthread_create
  return ((int*)(&pthread_create))[argc];
#else
  (void)argc;
  return 0;
#endif
}

Determining if the function pthread_create exists in the pthreads failed with the following output:
Change Dir: /home/pi/opencv_workspace/TrafficConeDetection/CMakeFiles/CMakeTmp

Run Build Command:"/usr/bin/make" "cmTryCompileExec2889627143/fast"
/usr/bin/make -f CMakeFiles/cmTryCompileExec2889627143.dir/build.make CMakeFiles/cmTryCompileExec2889627143.dir/build
make[1]: Entering directory '/home/pi/opencv_workspace/TrafficConeDetection/CMakeFiles/CMakeTmp'
/usr/bin/cmake -E cmake_progress_report /home/pi/opencv_workspace/TrafficConeDetection/CMakeFiles/CMakeTmp/CMakeFiles 1
Building C object CMakeFiles/cmTryCompileExec2889627143.dir/CheckFunctionExists.c.o
/usr/bin/cc   -DCHECK_FUNCTION_EXISTS=pthread_create   -o CMakeFiles/cmTryCompileExec2889627143.dir/CheckFunctionExists.c.o   -c /usr/share/cmake-3.0/Modules/CheckFunctionExists.c
Linking C executable cmTryCompileExec2889627143
/usr/bin/cmake -E cmake_link_script CMakeFiles/cmTryCompileExec2889627143.dir/link.txt --verbose=1
/usr/bin/cc   -DCHECK_FUNCTION_EXISTS=pthread_create    CMakeFiles/cmTryCompileExec2889627143.dir/CheckFunctionExists.c.o  -o cmTryCompileExec2889627143 -rdynamic -lpthreads 
/usr/bin/ld: cannot find -lpthreads
collect2: error: ld returned 1 exit status
CMakeFiles/cmTryCompileExec2889627143.dir/build.make:88: recipe for target 'cmTryCompileExec2889627143' failed
make[1]: *** [cmTryCompileExec2889627143] Error 1
make[1]: Leaving directory '/home/pi/opencv_workspace/TrafficConeDetection/CMakeFiles/CMakeTmp'
Makefile:118: recipe for target 'cmTryCompileExec2889627143/fast' failed
make: *** [cmTryCompileExec2889627143/fast] Error 2


Determining if the pthread_create exist failed with the following output:
Change Dir: /home/pi/opencv_workspace/TrafficConeDetection/CMakeFiles/CMakeTmp

Run Build Command:"/usr/bin/make" "cmTryCompileExec973126847/fast"
/usr/bin/make -f CMakeFiles/cmTryCompileExec973126847.dir/build.make CMakeFiles/cmTryCompileExec973126847.dir/build
make[1]: Entering directory '/home/pi/opencv_workspace/TrafficConeDetection/CMakeFiles/CMakeTmp'
/usr/bin/cmake -E cmake_progress_report /home/pi/opencv_workspace/TrafficConeDetection/CMakeFiles/CMakeTmp/CMakeFiles 1
Building C object CMakeFiles/cmTryCompileExec973126847.dir/CheckSymbolExists.c.o
/usr/bin/cc    -o CMakeFiles/cmTryCompileExec973126847.dir/CheckSymbolExists.c.o   -c /home/pi/opencv_workspace/TrafficConeDetection/CMakeFiles/CMakeTmp/CheckSymbolExists.c
Linking C executable cmTryCompileExec973126847
/usr/bin/cmake -E cmake_link_script CMakeFiles/cmTryCompileExec973126847.dir/link.txt --verbose=1
/usr/bin/cc       CMakeFiles/cmTryCompileExec973126847.dir/CheckSymbolExists.c.o  -o cmTryCompileExec973126847 -rdynamic 
CMakeFiles/cmTryCompileExec973126847.dir/CheckSymbolExists.c.o: In function `main':
CheckSymbolExists.c:(.text+0x38): undefined reference to `pthread_create'
collect2: error: ld returned 1 exit status
CMakeFiles/cmTryCompileExec973126847.dir/build.make:88: recipe for target 'cmTryCompileExec973126847' failed
make[1]: *** [cmTryCompileExec973126847] Error 1
make[1]: Leaving directory '/home/pi/opencv_workspace/TrafficConeDetection/CMakeFiles/CMakeTmp'
Makefile:118: recipe for target 'cmTryCompileExec973126847/fast' failed
make: *** [cmTryCompileExec973126847/fast] Error 2

File /home/pi/opencv_workspace/TrafficConeDetection/CMakeFiles/CMakeTmp/CheckSymbolExists.c:
/* */
#include <pthread.h>

int main(int argc, char** argv)
{
  (void)argv;
#ifndef pthread_create
  return ((int*)(&pthread_create))[argc];
#else
  (void)argc;
  return 0;
#endif
}

Determining if the function pthread_create exists in the pthreads failed with the following output:
Change Dir: /home/pi/opencv_workspace/TrafficConeDetection/CMakeFiles/CMakeTmp

Run Build Command:"/usr/bin/make" "cmTryCompileExec1877528134/fast"
/usr/bin/make -f CMakeFiles/cmTryCompileExec1877528134.dir/build.make CMakeFiles/cmTryCompileExec1877528134.dir/build
make[1]: Entering directory '/home/pi/opencv_workspace/TrafficConeDetection/CMakeFiles/CMakeTmp'
/usr/bin/cmake -E cmake_progress_report /home/pi/opencv_workspace/TrafficConeDetection/CMakeFiles/CMakeTmp/CMakeFiles 1
Building C object CMakeFiles/cmTryCompileExec1877528134.dir/CheckFunctionExists.c.o
/usr/bin/cc   -DCHECK_FUNCTION_EXISTS=pthread_create   -o CMakeFiles/cmTryCompileExec1877528134.dir/CheckFunctionExists.c.o   -c /usr/share/cmake-3.0/Modules/CheckFunctionExists.c
Linking C executable cmTryCompileExec1877528134
/usr/bin/cmake -E cmake_link_script CMakeFiles/cmTryCompileExec1877528134.dir/link.txt --verbose=1
/usr/bin/cc   -DCHECK_FUNCTION_EXISTS=pthread_create    CMakeFiles/cmTryCompileExec1877528134.dir/CheckFunctionExists.c.o  -o cmTryCompileExec1877528134 -rdynamic -lpthreads 
/usr/bin/ld: cannot find -lpthreads
collect2: error: ld returned 1 exit status
CMakeFiles/cmTryCompileExec1877528134.dir/build.make:88: recipe for target 'cmTryCompileExec1877528134' failed
make[1]: Leaving directory '/home/pi/opencv_workspace/TrafficConeDetection/CMakeFiles/CMakeTmp'
Makefile:118: recipe for target 'cmTryCompileExec1877528134/fast' failed
make[1]: *** [cmTryCompileExec1877528134] Error 1
make: *** [cmTryCompileExec1877528134/fast] Error 2


Determining if the pthread_create exist failed with the following output:
Change Dir: /home/pi/opencv_workspace/TrafficConeDetection/CMakeFiles/CMakeTmp

Run Build Command:"/usr/bin/make" "cmTryCompileExec2794841947/fast"
/usr/bin/make -f CMakeFiles/cmTryCompileExec2794841947.dir/build.make CMakeFiles/cmTryCompileExec2794841947.dir/build
make[1]: Entering directory '/home/pi/opencv_workspace/TrafficConeDetection/CMakeFiles/CMakeTmp'
/usr/bin/cmake -E cmake_progress_report /home/pi/opencv_workspace/TrafficConeDetection/CMakeFiles/CMakeTmp/CMakeFiles 1
Building C object CMakeFiles/cmTryCompileExec2794841947.dir/CheckSymbolExists.c.o
/usr/bin/cc    -o CMakeFiles/cmTryCompileExec2794841947.dir/CheckSymbolExists.c.o   -c /home/pi/opencv_workspace/TrafficConeDetection/CMakeFiles/CMakeTmp/CheckSymbolExists.c
Linking C executable cmTryCompileExec2794841947
/usr/bin/cmake -E cmake_link_script CMakeFiles/cmTryCompileExec2794841947.dir/link.txt --verbose=1
/usr/bin/cc       CMakeFiles/cmTryCompileExec2794841947.dir/CheckSymbolExists.c.o  -o cmTryCompileExec2794841947 -rdynamic 
CMakeFiles/cmTryCompileExec2794841947.dir/CheckSymbolExists.c.o: In function `main':
CheckSymbolExists.c:(.text+0x38): undefined reference to `pthread_create'
collect2: error: ld returned 1 exit status
CMakeFiles/cmTryCompileExec2794841947.dir/build.make:88: recipe for target 'cmTryCompileExec2794841947' failed
make[1]: *** [cmTryCompileExec2794841947] Error 1
make[1]: Leaving directory '/home/pi/opencv_workspace/TrafficConeDetection/CMakeFiles/CMakeTmp'
Makefile:118: recipe for target 'cmTryCompileExec2794841947/fast' failed
make: *** [cmTryCompileExec2794841947/fast] Error 2

File /home/pi/opencv_workspace/TrafficConeDetection/CMakeFiles/CMakeTmp/CheckSymbolExists.c:
/* */
#include <pthread.h>

int main(int argc, char** argv)
{
  (void)argv;
#ifndef pthread_create
  return ((int*)(&pthread_create))[argc];
#else
  (void)argc;
  return 0;
#endif
}

Determining if the function pthread_create exists in the pthreads failed with the following output:
Change Dir: /home/pi/opencv_workspace/TrafficConeDetection/CMakeFiles/CMakeTmp

Run Build Command:"/usr/bin/make" "cmTryCompileExec2184762859/fast"
/usr/bin/make -f CMakeFiles/cmTryCompileExec2184762859.dir/build.make CMakeFiles/cmTryCompileExec2184762859.dir/build
make[1]: Entering directory '/home/pi/opencv_workspace/TrafficConeDetection/CMakeFiles/CMakeTmp'
/usr/bin/cmake -E cmake_progress_report /home/pi/opencv_workspace/TrafficConeDetection/CMakeFiles/CMakeTmp/CMakeFiles 1
Building C object CMakeFiles/cmTryCompileExec2184762859.dir/CheckFunctionExists.c.o
/usr/bin/cc   -DCHECK_FUNCTION_EXISTS=pthread_create   -o CMakeFiles/cmTryCompileExec2184762859.dir/CheckFunctionExists.c.o   -c /usr/share/cmake-3.0/Modules/CheckFunctionExists.c
Linking C executable cmTryCompileExec2184762859
/usr/bin/cmake -E cmake_link_script CMakeFiles/cmTryCompileExec2184762859.dir/link.txt --verbose=1
/usr/bin/cc   -DCHECK_FUNCTION_EXISTS=pthread_create    CMakeFiles/cmTryCompileExec2184762859.dir/CheckFunctionExists.c.o  -o cmTryCompileExec2184762859 -rdynamic -lpthreads 
/usr/bin/ld: cannot find -lpthreads
collect2: error: ld returned 1 exit status
CMakeFiles/cmTryCompileExec2184762859.dir/build.make:88: recipe for target 'cmTryCompileExec2184762859' failed
make[1]: *** [cmTryCompileExec2184762859] Error 1
make[1]: Leaving directory '/home/pi/opencv_workspace/TrafficConeDetection/CMakeFiles/CMakeTmp'
Makefile:118: recipe for target 'cmTryCompileExec2184762859/fast' failed
make: *** [cmTryCompileExec2184762859/fast] Error 2


